<?xml version="1.0" encoding="UTF-8"?>
<!-- Generated by org.testng.reporters.JUnitXMLReporter -->
<testsuite hostname="BTP204126" name="Order gateway Test" tests="31" failures="2" timestamp="19 Jul 2022 07:06:54 GMT" time="739.496" errors="0">
  <testcase name="test001_ValidLogin" time="3.737" classname="com.bt.og.testpages.Regression"/>
  <testcase name="test002_InvalidLogin" time="0.616" classname="com.bt.og.testpages.Regression"/>
  <testcase name="test003_OrderSearch" time="24.464" classname="com.bt.og.testpages.Regression"/>
  <testcase name="test004_CustomerDetails" time="3.933" classname="com.bt.og.testpages.Regression">
    <failure type="java.lang.AssertionError" message="The following asserts failed:
OUC not mactching, Phone number not mactching, Company indicator not mactching">
      <![CDATA[java.lang.AssertionError: The following asserts failed:
OUC not mactching, Phone number not mactching, Company indicator not mactching
	at com.bt.og.testpages.Regression.test004_CustomerDetails(Regression.java:169)
	at java.util.concurrent.FutureTask.run(Unknown Source)
	at java.util.concurrent.ThreadPoolExecutor.runWorker(Unknown Source)
	at java.util.concurrent.ThreadPoolExecutor$Worker.run(Unknown Source)
	at java.lang.Thread.run(Unknown Source)
... Removed 17 stack frames]]>
    </failure>
  </testcase> <!-- test004_CustomerDetails -->
  <testcase name="test004_CustomerDetails" time="3.835" classname="com.bt.og.testpages.Regression">
    <failure type="java.lang.AssertionError" message="The following asserts failed:
OUC not mactching, Phone number not mactching, Company indicator not mactching">
      <![CDATA[java.lang.AssertionError: The following asserts failed:
OUC not mactching, Phone number not mactching, Company indicator not mactching
	at com.bt.og.testpages.Regression.test004_CustomerDetails(Regression.java:169)
	at java.util.concurrent.FutureTask.run(Unknown Source)
	at java.util.concurrent.ThreadPoolExecutor.runWorker(Unknown Source)
	at java.util.concurrent.ThreadPoolExecutor$Worker.run(Unknown Source)
	at java.lang.Thread.run(Unknown Source)
... Removed 17 stack frames]]>
    </failure>
  </testcase> <!-- test004_CustomerDetails -->
  <testcase name="test005_CustomerDetailsContinueButton" time="4.002" classname="com.bt.og.testpages.Regression"/>
  <testcase name="test006_VerifyAllTabs" time="37.731" classname="com.bt.og.testpages.Regression"/>
  <testcase name="test007_01_StandardEmailAccount" time="16.932" classname="com.bt.og.testpages.Regression"/>
  <testcase name="test007_02_FunctionalAccount" time="5.109" classname="com.bt.og.testpages.Regression"/>
  <testcase name="test007_03_EnterPriseMessenger" time="22.498" classname="com.bt.og.testpages.Regression"/>
  <testcase name="test007_04_IncomingFax" time="16.744" classname="com.bt.og.testpages.Regression"/>
  <testcase name="test007_05_EmailAddressChange" time="7.166" classname="com.bt.og.testpages.Regression"/>
  <testcase name="test007_06_RegisterThirdPartyEmail" time="16.7" classname="com.bt.og.testpages.Regression"/>
  <testcase name="test008_UKITEquipment" time="7.084" classname="com.bt.og.testpages.Regression"/>
  <testcase name="test009_NonUKITEquipment" time="13.685" classname="com.bt.og.testpages.Regression"/>
  <testcase name="test010_ITEquipmentProducts" time="0.001" classname="com.bt.og.testpages.Regression"/>
  <testcase name="test011_NonITEquipmentProducts" time="0.001" classname="com.bt.og.testpages.Regression"/>
  <testcase name="test012_01_CSSProduction" time="13.417" classname="com.bt.og.testpages.Regression"/>
  <testcase name="test012_02_IUSERDomainGroupConnection" time="13.029" classname="com.bt.og.testpages.Regression"/>
  <testcase name="test012_03_OneViewChangesToProfile" time="22.87" classname="com.bt.og.testpages.Regression"/>
  <testcase name="test013_01_ProvideNewSoftware" time="11.357" classname="com.bt.og.testpages.Regression"/>
  <testcase name="test013_02__RemoveUneededSoftware" time="0.001" classname="com.bt.og.testpages.Regression"/>
  <testcase name="test013_03_searchProduct" time="0.001" classname="com.bt.og.testpages.Regression"/>
  <testcase name="test013_04_AtoZLink" time="24.423" classname="com.bt.og.testpages.Regression"/>
  <testcase name="test014_01_CheckAllPhoneProductItemDisplayed" time="6.694" classname="com.bt.og.testpages.Regression"/>
  <testcase name="test014_02_PhoneProducts" time="0.001" classname="com.bt.og.testpages.Regression"/>
  <testcase name="test014_03_searchPhoneProduct" time="0.001" classname="com.bt.og.testpages.Regression"/>
  <testcase name="test014_04_PhoneUScatalogue" time="0.0" classname="com.bt.og.testpages.Regression"/>
  <testcase name="test015_01_ErrorWeekendDate" time="22.838" classname="com.bt.og.testpages.Regression"/>
  <testcase name="test015_02_ErrorPreviousDate" time="18.92" classname="com.bt.og.testpages.Regression"/>
  <testcase name="test016_AlternateAddressEINValidation" time="0.0" classname="com.bt.og.testpages.Regression"/>
</testsuite> <!-- Order gateway Test -->
