<!DOCTYPE html>

<html>
  <head>
  <title>TestNG reports</title>

    <link type="text/css" href="testng-reports.css" rel="stylesheet" />  
    <script type="text/javascript" src="jquery-1.7.1.min.js"></script>
    <script type="text/javascript" src="testng-reports.js"></script>
    <script type="text/javascript" src="https://www.google.com/jsapi"></script>
    <script type='text/javascript'>
      google.load('visualization', '1', {packages:['table']});
      google.setOnLoadCallback(drawTable);
      var suiteTableInitFunctions = new Array();
      var suiteTableData = new Array();
    </script>
    <!--
      <script type="text/javascript" src="jquery-ui/js/jquery-ui-1.8.16.custom.min.js"></script>
     -->
  </head>

  <body>
    <div class="top-banner-root">
      <span class="top-banner-title-font">Test results</span>
      <br/>
      <span class="top-banner-font-1">1 suite, 2 failed tests</span>
    </div> <!-- top-banner-root -->
    <div class="navigator-root">
      <div class="navigator-suite-header">
        <span>All suites</span>
        <a href="#" class="collapse-all-link" title="Collapse/expand all the suites">
          <img class="collapse-all-icon" src="collapseall.gif">
          </img> <!-- collapse-all-icon -->
        </a> <!-- collapse-all-link -->
      </div> <!-- navigator-suite-header -->
      <div class="suite">
        <div class="rounded-window">
          <div class="suite-header light-rounded-window-top">
            <a href="#" class="navigator-link" panel-name="suite-Order_Gateway_Application_Test_Automation_Test_Suite">
              <span class="suite-name border-failed">Order Gateway Application Test Automation Test Suite</span>
            </a> <!-- navigator-link -->
          </div> <!-- suite-header light-rounded-window-top -->
          <div class="navigator-suite-content">
            <div class="suite-section-title">
              <span>Info</span>
            </div> <!-- suite-section-title -->
            <div class="suite-section-content">
              <ul>
                <li>
                  <a href="#" class="navigator-link " panel-name="test-xml-Order_Gateway_Application_Test_Automation_Test_Suite">
                    <span>D:\Laptop backup files\automation\testng.xml</span>
                  </a> <!-- navigator-link  -->
                </li>
                <li>
                  <a href="#" class="navigator-link " panel-name="testlist-Order_Gateway_Application_Test_Automation_Test_Suite">
                    <span class="test-stats">1 test</span>
                  </a> <!-- navigator-link  -->
                </li>
                <li>
                  <a href="#" class="navigator-link " panel-name="group-Order_Gateway_Application_Test_Automation_Test_Suite">
                    <span>0 groups</span>
                  </a> <!-- navigator-link  -->
                </li>
                <li>
                  <a href="#" class="navigator-link " panel-name="times-Order_Gateway_Application_Test_Automation_Test_Suite">
                    <span>Times</span>
                  </a> <!-- navigator-link  -->
                </li>
                <li>
                  <a href="#" class="navigator-link " panel-name="reporter-Order_Gateway_Application_Test_Automation_Test_Suite">
                    <span>Reporter output</span>
                  </a> <!-- navigator-link  -->
                </li>
                <li>
                  <a href="#" class="navigator-link " panel-name="ignored-methods-Order_Gateway_Application_Test_Automation_Test_Suite">
                    <span>Ignored methods</span>
                  </a> <!-- navigator-link  -->
                </li>
                <li>
                  <a href="#" class="navigator-link " panel-name="chronological-Order_Gateway_Application_Test_Automation_Test_Suite">
                    <span>Chronological view</span>
                  </a> <!-- navigator-link  -->
                </li>
              </ul>
            </div> <!-- suite-section-content -->
            <div class="result-section">
              <div class="suite-section-title">
                <span>Results</span>
              </div> <!-- suite-section-title -->
              <div class="suite-section-content">
                <ul>
                  <li>
                    <span class="method-stats">31 methods, 2 failed,   29 passed</span>
                  </li>
                  <li>
                    <span class="method-list-title failed">Failed methods</span>
                    <span class="show-or-hide-methods failed">
                      <a href="#" panel-name="suite-Order_Gateway_Application_Test_Automation_Test_Suite" class="hide-methods failed suite-Order_Gateway_Application_Test_Automation_Test_Suite"> (hide)</a> <!-- hide-methods failed suite-Order_Gateway_Application_Test_Automation_Test_Suite -->
                      <a href="#" panel-name="suite-Order_Gateway_Application_Test_Automation_Test_Suite" class="show-methods failed suite-Order_Gateway_Application_Test_Automation_Test_Suite"> (show)</a> <!-- show-methods failed suite-Order_Gateway_Application_Test_Automation_Test_Suite -->
                    </span>
                    <div class="method-list-content failed suite-Order_Gateway_Application_Test_Automation_Test_Suite">
                      <span>
                        <img width="3%" src="failed.png"/>
                        <a href="#" class="method navigator-link" panel-name="suite-Order_Gateway_Application_Test_Automation_Test_Suite" title="com.bt.og.testpages.Regression" hash-for-method="test004_CustomerDetails(Colin Fletcher, TNA7, 0748 316 9740, FLETCHCA, 802766791, C00, GB)">test004_CustomerDetails(Colin Fletcher, TNA7, 0748 316 9740, FLETCHCA, 802766791, C00, GB)</a> <!-- method navigator-link -->
                      </span>
                      <br/>
                      <span>
                        <img width="3%" src="failed.png"/>
                        <a href="#" class="method navigator-link" panel-name="suite-Order_Gateway_Application_Test_Automation_Test_Suite" title="com.bt.og.testpages.Regression" hash-for-method="test004_CustomerDetails(Colin Fletcher, TNA7, 0748 316 9740, FLETCHCA, 802766791, C00, GB)">test004_CustomerDetails(Colin Fletcher, TNA7, 0748 316 9740, FLETCHCA, 802766791, C00, GB)</a> <!-- method navigator-link -->
                      </span>
                      <br/>
                    </div> <!-- method-list-content failed suite-Order_Gateway_Application_Test_Automation_Test_Suite -->
                  </li>
                  <li>
                    <span class="method-list-title passed">Passed methods</span>
                    <span class="show-or-hide-methods passed">
                      <a href="#" panel-name="suite-Order_Gateway_Application_Test_Automation_Test_Suite" class="hide-methods passed suite-Order_Gateway_Application_Test_Automation_Test_Suite"> (hide)</a> <!-- hide-methods passed suite-Order_Gateway_Application_Test_Automation_Test_Suite -->
                      <a href="#" panel-name="suite-Order_Gateway_Application_Test_Automation_Test_Suite" class="show-methods passed suite-Order_Gateway_Application_Test_Automation_Test_Suite"> (show)</a> <!-- show-methods passed suite-Order_Gateway_Application_Test_Automation_Test_Suite -->
                    </span>
                    <div class="method-list-content passed suite-Order_Gateway_Application_Test_Automation_Test_Suite">
                      <span>
                        <img width="3%" src="passed.png"/>
                        <a href="#" class="method navigator-link" panel-name="suite-Order_Gateway_Application_Test_Automation_Test_Suite" title="com.bt.og.testpages.Regression" hash-for-method="test001_ValidLogin(802766791, Colin Fletcher)">test001_ValidLogin(802766791, Colin Fletcher)</a> <!-- method navigator-link -->
                      </span>
                      <br/>
                      <span>
                        <img width="3%" src="passed.png"/>
                        <a href="#" class="method navigator-link" panel-name="suite-Order_Gateway_Application_Test_Automation_Test_Suite" title="com.bt.og.testpages.Regression" hash-for-method="test002_InvalidLogin">test002_InvalidLogin</a> <!-- method navigator-link -->
                      </span>
                      <br/>
                      <span>
                        <img width="3%" src="passed.png"/>
                        <a href="#" class="method navigator-link" panel-name="suite-Order_Gateway_Application_Test_Automation_Test_Suite" title="com.bt.og.testpages.Regression" hash-for-method="test003_OrderSearch">test003_OrderSearch</a> <!-- method navigator-link -->
                      </span>
                      <br/>
                      <span>
                        <img width="3%" src="passed.png"/>
                        <a href="#" class="method navigator-link" panel-name="suite-Order_Gateway_Application_Test_Automation_Test_Suite" title="com.bt.og.testpages.Regression" hash-for-method="test005_CustomerDetailsContinueButton">test005_CustomerDetailsContinueButton</a> <!-- method navigator-link -->
                      </span>
                      <br/>
                      <span>
                        <img width="3%" src="passed.png"/>
                        <a href="#" class="method navigator-link" panel-name="suite-Order_Gateway_Application_Test_Automation_Test_Suite" title="com.bt.og.testpages.Regression" hash-for-method="test006_VerifyAllTabs">test006_VerifyAllTabs</a> <!-- method navigator-link -->
                      </span>
                      <br/>
                      <span>
                        <img width="3%" src="passed.png"/>
                        <a href="#" class="method navigator-link" panel-name="suite-Order_Gateway_Application_Test_Automation_Test_Suite" title="com.bt.og.testpages.Regression" hash-for-method="test007_01_StandardEmailAccount">test007_01_StandardEmailAccount</a> <!-- method navigator-link -->
                      </span>
                      <br/>
                      <span>
                        <img width="3%" src="passed.png"/>
                        <a href="#" class="method navigator-link" panel-name="suite-Order_Gateway_Application_Test_Automation_Test_Suite" title="com.bt.og.testpages.Regression" hash-for-method="test007_02_FunctionalAccount">test007_02_FunctionalAccount</a> <!-- method navigator-link -->
                      </span>
                      <br/>
                      <span>
                        <img width="3%" src="passed.png"/>
                        <a href="#" class="method navigator-link" panel-name="suite-Order_Gateway_Application_Test_Automation_Test_Suite" title="com.bt.og.testpages.Regression" hash-for-method="test007_03_EnterPriseMessenger">test007_03_EnterPriseMessenger</a> <!-- method navigator-link -->
                      </span>
                      <br/>
                      <span>
                        <img width="3%" src="passed.png"/>
                        <a href="#" class="method navigator-link" panel-name="suite-Order_Gateway_Application_Test_Automation_Test_Suite" title="com.bt.og.testpages.Regression" hash-for-method="test007_04_IncomingFax">test007_04_IncomingFax</a> <!-- method navigator-link -->
                      </span>
                      <br/>
                      <span>
                        <img width="3%" src="passed.png"/>
                        <a href="#" class="method navigator-link" panel-name="suite-Order_Gateway_Application_Test_Automation_Test_Suite" title="com.bt.og.testpages.Regression" hash-for-method="test007_05_EmailAddressChange">test007_05_EmailAddressChange</a> <!-- method navigator-link -->
                      </span>
                      <br/>
                      <span>
                        <img width="3%" src="passed.png"/>
                        <a href="#" class="method navigator-link" panel-name="suite-Order_Gateway_Application_Test_Automation_Test_Suite" title="com.bt.og.testpages.Regression" hash-for-method="test007_06_RegisterThirdPartyEmail">test007_06_RegisterThirdPartyEmail</a> <!-- method navigator-link -->
                      </span>
                      <br/>
                      <span>
                        <img width="3%" src="passed.png"/>
                        <a href="#" class="method navigator-link" panel-name="suite-Order_Gateway_Application_Test_Automation_Test_Suite" title="com.bt.og.testpages.Regression" hash-for-method="test008_UKITEquipment">test008_UKITEquipment</a> <!-- method navigator-link -->
                      </span>
                      <br/>
                      <span>
                        <img width="3%" src="passed.png"/>
                        <a href="#" class="method navigator-link" panel-name="suite-Order_Gateway_Application_Test_Automation_Test_Suite" title="com.bt.og.testpages.Regression" hash-for-method="test009_NonUKITEquipment">test009_NonUKITEquipment</a> <!-- method navigator-link -->
                      </span>
                      <br/>
                      <span>
                        <img width="3%" src="passed.png"/>
                        <a href="#" class="method navigator-link" panel-name="suite-Order_Gateway_Application_Test_Automation_Test_Suite" title="com.bt.og.testpages.Regression" hash-for-method="test010_ITEquipmentProducts(Desktop PCs, Lenovo ThinkCentre M910s SFF - BT Webtop Build)">test010_ITEquipmentProducts(Desktop PCs, Lenovo ThinkCentre M910s SFF - BT Webtop Build)</a> <!-- method navigator-link -->
                      </span>
                      <br/>
                      <span>
                        <img width="3%" src="passed.png"/>
                        <a href="#" class="method navigator-link" panel-name="suite-Order_Gateway_Application_Test_Automation_Test_Suite" title="com.bt.og.testpages.Regression" hash-for-method="test011_NonITEquipmentProducts(PC Accessories)">test011_NonITEquipmentProducts(PC Accessories)</a> <!-- method navigator-link -->
                      </span>
                      <br/>
                      <span>
                        <img width="3%" src="passed.png"/>
                        <a href="#" class="method navigator-link" panel-name="suite-Order_Gateway_Application_Test_Automation_Test_Suite" title="com.bt.og.testpages.Regression" hash-for-method="test012_01_CSSProduction">test012_01_CSSProduction</a> <!-- method navigator-link -->
                      </span>
                      <br/>
                      <span>
                        <img width="3%" src="passed.png"/>
                        <a href="#" class="method navigator-link" panel-name="suite-Order_Gateway_Application_Test_Automation_Test_Suite" title="com.bt.og.testpages.Regression" hash-for-method="test012_02_IUSERDomainGroupConnection">test012_02_IUSERDomainGroupConnection</a> <!-- method navigator-link -->
                      </span>
                      <br/>
                      <span>
                        <img width="3%" src="passed.png"/>
                        <a href="#" class="method navigator-link" panel-name="suite-Order_Gateway_Application_Test_Automation_Test_Suite" title="com.bt.og.testpages.Regression" hash-for-method="test012_03_OneViewChangesToProfile">test012_03_OneViewChangesToProfile</a> <!-- method navigator-link -->
                      </span>
                      <br/>
                      <span>
                        <img width="3%" src="passed.png"/>
                        <a href="#" class="method navigator-link" panel-name="suite-Order_Gateway_Application_Test_Automation_Test_Suite" title="com.bt.og.testpages.Regression" hash-for-method="test013_01_ProvideNewSoftware(Eclipse)">test013_01_ProvideNewSoftware(Eclipse)</a> <!-- method navigator-link -->
                      </span>
                      <br/>
                      <span>
                        <img width="3%" src="passed.png"/>
                        <a href="#" class="method navigator-link" panel-name="suite-Order_Gateway_Application_Test_Automation_Test_Suite" title="com.bt.og.testpages.Regression" hash-for-method="test013_02__RemoveUneededSoftware(Remove Software From A Webtop PC)">test013_02__RemoveUneededSoftware(Remove Software From A Webtop PC)</a> <!-- method navigator-link -->
                      </span>
                      <br/>
                      <span>
                        <img width="3%" src="passed.png"/>
                        <a href="#" class="method navigator-link" panel-name="suite-Order_Gateway_Application_Test_Automation_Test_Suite" title="com.bt.og.testpages.Regression" hash-for-method="test013_03_searchProduct(Google Chrome)">test013_03_searchProduct(Google Chrome)</a> <!-- method navigator-link -->
                      </span>
                      <br/>
                      <span>
                        <img width="3%" src="passed.png"/>
                        <a href="#" class="method navigator-link" panel-name="suite-Order_Gateway_Application_Test_Automation_Test_Suite" title="com.bt.og.testpages.Regression" hash-for-method="test013_04_AtoZLink">test013_04_AtoZLink</a> <!-- method navigator-link -->
                      </span>
                      <br/>
                      <span>
                        <img width="3%" src="passed.png"/>
                        <a href="#" class="method navigator-link" panel-name="suite-Order_Gateway_Application_Test_Automation_Test_Suite" title="com.bt.og.testpages.Regression" hash-for-method="test014_01_CheckAllPhoneProductItemDisplayed">test014_01_CheckAllPhoneProductItemDisplayed</a> <!-- method navigator-link -->
                      </span>
                      <br/>
                      <span>
                        <img width="3%" src="passed.png"/>
                        <a href="#" class="method navigator-link" panel-name="suite-Order_Gateway_Application_Test_Automation_Test_Suite" title="com.bt.og.testpages.Regression" hash-for-method="test014_02_PhoneProducts(Phones, New COMBI SIM Card)">test014_02_PhoneProducts(Phones, New COMBI SIM Card)</a> <!-- method navigator-link -->
                      </span>
                      <br/>
                      <span>
                        <img width="3%" src="passed.png"/>
                        <a href="#" class="method navigator-link" panel-name="suite-Order_Gateway_Application_Test_Automation_Test_Suite" title="com.bt.og.testpages.Regression" hash-for-method="test014_03_searchPhoneProduct(Harrier Agent)">test014_03_searchPhoneProduct(Harrier Agent)</a> <!-- method navigator-link -->
                      </span>
                      <br/>
                      <span>
                        <img width="3%" src="passed.png"/>
                        <a href="#" class="method navigator-link" panel-name="suite-Order_Gateway_Application_Test_Automation_Test_Suite" title="com.bt.og.testpages.Regression" hash-for-method="test014_04_PhoneUScatalogue(Voicemail reset)">test014_04_PhoneUScatalogue(Voicemail reset)</a> <!-- method navigator-link -->
                      </span>
                      <br/>
                      <span>
                        <img width="3%" src="passed.png"/>
                        <a href="#" class="method navigator-link" panel-name="suite-Order_Gateway_Application_Test_Automation_Test_Suite" title="com.bt.og.testpages.Regression" hash-for-method="test015_01_ErrorWeekendDate(Replacement SIM Card)">test015_01_ErrorWeekendDate(Replacement SIM Card)</a> <!-- method navigator-link -->
                      </span>
                      <br/>
                      <span>
                        <img width="3%" src="passed.png"/>
                        <a href="#" class="method navigator-link" panel-name="suite-Order_Gateway_Application_Test_Automation_Test_Suite" title="com.bt.og.testpages.Regression" hash-for-method="test015_02_ErrorPreviousDate(Replacement SIM Card)">test015_02_ErrorPreviousDate(Replacement SIM Card)</a> <!-- method navigator-link -->
                      </span>
                      <br/>
                      <span>
                        <img width="3%" src="passed.png"/>
                        <a href="#" class="method navigator-link" panel-name="suite-Order_Gateway_Application_Test_Automation_Test_Suite" title="com.bt.og.testpages.Regression" hash-for-method="test016_AlternateAddressEINValidation(Desktop PCs, Lenovo ThinkCentre M910s SFF - BT Webtop Build)">test016_AlternateAddressEINValidation(Desktop PCs, Lenovo ThinkCentre M910s SFF - BT Webtop Build)</a> <!-- method navigator-link -->
                      </span>
                      <br/>
                    </div> <!-- method-list-content passed suite-Order_Gateway_Application_Test_Automation_Test_Suite -->
                  </li>
                </ul>
              </div> <!-- suite-section-content -->
            </div> <!-- result-section -->
          </div> <!-- navigator-suite-content -->
        </div> <!-- rounded-window -->
      </div> <!-- suite -->
    </div> <!-- navigator-root -->
    <div class="wrapper">
      <div class="main-panel-root">
        <div panel-name="suite-Order_Gateway_Application_Test_Automation_Test_Suite" class="panel Order_Gateway_Application_Test_Automation_Test_Suite">
          <div class="suite-Order_Gateway_Application_Test_Automation_Test_Suite-class-failed">
            <div class="main-panel-header rounded-window-top">
              <img src="failed.png"/>
              <span class="class-name">com.bt.og.testpages.Regression</span>
            </div> <!-- main-panel-header rounded-window-top -->
            <div class="main-panel-content rounded-window-bottom">
              <div class="method">
                <div class="method-content">
                  <a name="test004_CustomerDetails(Colin Fletcher, TNA7, 0748 316 9740, FLETCHCA, 802766791, C00, GB)">
                  </a> <!-- test004_CustomerDetails(Colin Fletcher, TNA7, 0748 316 9740, FLETCHCA, 802766791, C00, GB) -->
                  <span class="method-name">test004_CustomerDetails</span>
                  <span class="parameters">(Colin Fletcher, TNA7, 0748 316 9740, FLETCHCA, 802766791, C00, GB)</span>
                  <div class="stack-trace"><b>"java.lang.AssertionError: The following asserts failed:
OUC not mactching, Phone number not mactching, Company indicator not mactching
	at com.bt.og.testpages.Regression.test004_CustomerDetails(Regression.java:169)
	at java.util.concurrent.FutureTask.run(Unknown Source)
	at java.util.concurrent.ThreadPoolExecutor.runWorker(Unknown Source)
	at java.util.concurrent.ThreadPoolExecutor$Worker.run(Unknown Source)
	at java.lang.Thread.run(Unknown Source)
... Removed 17 stack frames<br/> java.lang.AssertionError: The following asserts failed:
OUC not mactching, Phone number not mactching, Company indicator not mactching
	at org.testng.asserts.SoftAssert.assertAll(SoftAssert.java:37)
	at com.bt.og.testpages.Regression.test004_CustomerDetails(Regression.java:169)
	at sun.reflect.NativeMethodAccessorImpl.invoke0(Native Method)
	at sun.reflect.NativeMethodAccessorImpl.invoke(Unknown Source)
	at sun.reflect.DelegatingMethodAccessorImpl.invoke(Unknown Source)
	at java.lang.reflect.Method.invoke(Unknown Source)
	at org.testng.internal.MethodInvocationHelper.invokeMethod(MethodInvocationHelper.java:80)
	at org.testng.internal.Invoker.invokeMethod(Invoker.java:714)
	at org.testng.internal.Invoker.invokeTestMethod(Invoker.java:901)
	at org.testng.internal.Invoker.invokeTestMethods(Invoker.java:1231)
	at org.testng.internal.TestMethodWorker.invokeTestMethods(TestMethodWorker.java:127)
	at org.testng.internal.TestMethodWorker.run(TestMethodWorker.java:111)
	at org.testng.TestRunner.privateRun(TestRunner.java:767)
	at org.testng.TestRunner.run(TestRunner.java:617)
	at org.testng.SuiteRunner.runTest(SuiteRunner.java:334)
	at org.testng.SuiteRunner.access$000(SuiteRunner.java:37)
	at org.testng.SuiteRunner$SuiteWorker.run(SuiteRunner.java:368)
	at org.testng.internal.thread.ThreadUtil$2.call(ThreadUtil.java:64)
	at java.util.concurrent.FutureTask.run(Unknown Source)
	at java.util.concurrent.ThreadPoolExecutor.runWorker(Unknown Source)
	at java.util.concurrent.ThreadPoolExecutor$Worker.run(Unknown Source)
	at java.lang.Thread.run(Unknown Source)
"</b><br>org.testng.asserts.SoftAssert.assertAll(SoftAssert.java:37)<br>com.bt.og.testpages.Regression.test004_CustomerDetails(Regression.java:169)<br>sun.reflect.NativeMethodAccessorImpl.invoke0(Native Method)<br>sun.reflect.NativeMethodAccessorImpl.invoke(Unknown Source)<br>sun.reflect.DelegatingMethodAccessorImpl.invoke(Unknown Source)<br>java.lang.reflect.Method.invoke(Unknown Source)<br>org.testng.internal.MethodInvocationHelper.invokeMethod(MethodInvocationHelper.java:80)<br>org.testng.internal.Invoker.invokeMethod(Invoker.java:714)<br>org.testng.internal.Invoker.invokeTestMethod(Invoker.java:901)<br>org.testng.internal.Invoker.invokeTestMethods(Invoker.java:1231)<br>org.testng.internal.TestMethodWorker.invokeTestMethods(TestMethodWorker.java:127)<br>org.testng.internal.TestMethodWorker.run(TestMethodWorker.java:111)<br>org.testng.TestRunner.privateRun(TestRunner.java:767)<br>org.testng.TestRunner.run(TestRunner.java:617)<br>org.testng.SuiteRunner.runTest(SuiteRunner.java:334)<br>org.testng.SuiteRunner.access$000(SuiteRunner.java:37)<br>org.testng.SuiteRunner$SuiteWorker.run(SuiteRunner.java:368)<br>org.testng.internal.thread.ThreadUtil$2.call(ThreadUtil.java:64)<br>java.util.concurrent.FutureTask.run(Unknown Source)<br>java.util.concurrent.ThreadPoolExecutor.runWorker(Unknown Source)<br>java.util.concurrent.ThreadPoolExecutor$Worker.run(Unknown Source)<br>java.lang.Thread.run(Unknown Source)<br>
</div> <!-- stack-trace -->
                </div> <!-- method-content -->
              </div> <!-- method -->
              <div class="method">
                <div class="method-content">
                  <a name="test004_CustomerDetails(Colin Fletcher, TNA7, 0748 316 9740, FLETCHCA, 802766791, C00, GB)">
                  </a> <!-- test004_CustomerDetails(Colin Fletcher, TNA7, 0748 316 9740, FLETCHCA, 802766791, C00, GB) -->
                  <span class="method-name">test004_CustomerDetails</span>
                  <span class="parameters">(Colin Fletcher, TNA7, 0748 316 9740, FLETCHCA, 802766791, C00, GB)</span>
                  <div class="stack-trace"><b>"java.lang.AssertionError: The following asserts failed:
OUC not mactching, Phone number not mactching, Company indicator not mactching
	at com.bt.og.testpages.Regression.test004_CustomerDetails(Regression.java:169)
	at java.util.concurrent.FutureTask.run(Unknown Source)
	at java.util.concurrent.ThreadPoolExecutor.runWorker(Unknown Source)
	at java.util.concurrent.ThreadPoolExecutor$Worker.run(Unknown Source)
	at java.lang.Thread.run(Unknown Source)
... Removed 17 stack frames<br/> java.lang.AssertionError: The following asserts failed:
OUC not mactching, Phone number not mactching, Company indicator not mactching
	at org.testng.asserts.SoftAssert.assertAll(SoftAssert.java:37)
	at com.bt.og.testpages.Regression.test004_CustomerDetails(Regression.java:169)
	at sun.reflect.NativeMethodAccessorImpl.invoke0(Native Method)
	at sun.reflect.NativeMethodAccessorImpl.invoke(Unknown Source)
	at sun.reflect.DelegatingMethodAccessorImpl.invoke(Unknown Source)
	at java.lang.reflect.Method.invoke(Unknown Source)
	at org.testng.internal.MethodInvocationHelper.invokeMethod(MethodInvocationHelper.java:80)
	at org.testng.internal.Invoker.invokeMethod(Invoker.java:714)
	at org.testng.internal.Invoker.retryFailed(Invoker.java:1049)
	at org.testng.internal.Invoker.invokeTestMethods(Invoker.java:1254)
	at org.testng.internal.TestMethodWorker.invokeTestMethods(TestMethodWorker.java:127)
	at org.testng.internal.TestMethodWorker.run(TestMethodWorker.java:111)
	at org.testng.TestRunner.privateRun(TestRunner.java:767)
	at org.testng.TestRunner.run(TestRunner.java:617)
	at org.testng.SuiteRunner.runTest(SuiteRunner.java:334)
	at org.testng.SuiteRunner.access$000(SuiteRunner.java:37)
	at org.testng.SuiteRunner$SuiteWorker.run(SuiteRunner.java:368)
	at org.testng.internal.thread.ThreadUtil$2.call(ThreadUtil.java:64)
	at java.util.concurrent.FutureTask.run(Unknown Source)
	at java.util.concurrent.ThreadPoolExecutor.runWorker(Unknown Source)
	at java.util.concurrent.ThreadPoolExecutor$Worker.run(Unknown Source)
	at java.lang.Thread.run(Unknown Source)
"</b><br>org.testng.asserts.SoftAssert.assertAll(SoftAssert.java:37)<br>com.bt.og.testpages.Regression.test004_CustomerDetails(Regression.java:169)<br>sun.reflect.NativeMethodAccessorImpl.invoke0(Native Method)<br>sun.reflect.NativeMethodAccessorImpl.invoke(Unknown Source)<br>sun.reflect.DelegatingMethodAccessorImpl.invoke(Unknown Source)<br>java.lang.reflect.Method.invoke(Unknown Source)<br>org.testng.internal.MethodInvocationHelper.invokeMethod(MethodInvocationHelper.java:80)<br>org.testng.internal.Invoker.invokeMethod(Invoker.java:714)<br>org.testng.internal.Invoker.retryFailed(Invoker.java:1049)<br>org.testng.internal.Invoker.invokeTestMethods(Invoker.java:1254)<br>org.testng.internal.TestMethodWorker.invokeTestMethods(TestMethodWorker.java:127)<br>org.testng.internal.TestMethodWorker.run(TestMethodWorker.java:111)<br>org.testng.TestRunner.privateRun(TestRunner.java:767)<br>org.testng.TestRunner.run(TestRunner.java:617)<br>org.testng.SuiteRunner.runTest(SuiteRunner.java:334)<br>org.testng.SuiteRunner.access$000(SuiteRunner.java:37)<br>org.testng.SuiteRunner$SuiteWorker.run(SuiteRunner.java:368)<br>org.testng.internal.thread.ThreadUtil$2.call(ThreadUtil.java:64)<br>java.util.concurrent.FutureTask.run(Unknown Source)<br>java.util.concurrent.ThreadPoolExecutor.runWorker(Unknown Source)<br>java.util.concurrent.ThreadPoolExecutor$Worker.run(Unknown Source)<br>java.lang.Thread.run(Unknown Source)<br>
</div> <!-- stack-trace -->
                </div> <!-- method-content -->
              </div> <!-- method -->
            </div> <!-- main-panel-content rounded-window-bottom -->
          </div> <!-- suite-Order_Gateway_Application_Test_Automation_Test_Suite-class-failed -->
          <div class="suite-Order_Gateway_Application_Test_Automation_Test_Suite-class-passed">
            <div class="main-panel-header rounded-window-top">
              <img src="passed.png"/>
              <span class="class-name">com.bt.og.testpages.Regression</span>
            </div> <!-- main-panel-header rounded-window-top -->
            <div class="main-panel-content rounded-window-bottom">
              <div class="method">
                <div class="method-content">
                  <a name="test001_ValidLogin(802766791, Colin Fletcher)">
                  </a> <!-- test001_ValidLogin(802766791, Colin Fletcher) -->
                  <span class="method-name">test001_ValidLogin</span>
                  <span class="parameters">(802766791, Colin Fletcher)</span>
                </div> <!-- method-content -->
              </div> <!-- method -->
              <div class="method">
                <div class="method-content">
                  <a name="test002_InvalidLogin">
                  </a> <!-- test002_InvalidLogin -->
                  <span class="method-name">test002_InvalidLogin</span>
                </div> <!-- method-content -->
              </div> <!-- method -->
              <div class="method">
                <div class="method-content">
                  <a name="test003_OrderSearch">
                  </a> <!-- test003_OrderSearch -->
                  <span class="method-name">test003_OrderSearch</span>
                </div> <!-- method-content -->
              </div> <!-- method -->
              <div class="method">
                <div class="method-content">
                  <a name="test005_CustomerDetailsContinueButton">
                  </a> <!-- test005_CustomerDetailsContinueButton -->
                  <span class="method-name">test005_CustomerDetailsContinueButton</span>
                </div> <!-- method-content -->
              </div> <!-- method -->
              <div class="method">
                <div class="method-content">
                  <a name="test006_VerifyAllTabs">
                  </a> <!-- test006_VerifyAllTabs -->
                  <span class="method-name">test006_VerifyAllTabs</span>
                </div> <!-- method-content -->
              </div> <!-- method -->
              <div class="method">
                <div class="method-content">
                  <a name="test007_01_StandardEmailAccount">
                  </a> <!-- test007_01_StandardEmailAccount -->
                  <span class="method-name">test007_01_StandardEmailAccount</span>
                </div> <!-- method-content -->
              </div> <!-- method -->
              <div class="method">
                <div class="method-content">
                  <a name="test007_02_FunctionalAccount">
                  </a> <!-- test007_02_FunctionalAccount -->
                  <span class="method-name">test007_02_FunctionalAccount</span>
                </div> <!-- method-content -->
              </div> <!-- method -->
              <div class="method">
                <div class="method-content">
                  <a name="test007_03_EnterPriseMessenger">
                  </a> <!-- test007_03_EnterPriseMessenger -->
                  <span class="method-name">test007_03_EnterPriseMessenger</span>
                </div> <!-- method-content -->
              </div> <!-- method -->
              <div class="method">
                <div class="method-content">
                  <a name="test007_04_IncomingFax">
                  </a> <!-- test007_04_IncomingFax -->
                  <span class="method-name">test007_04_IncomingFax</span>
                </div> <!-- method-content -->
              </div> <!-- method -->
              <div class="method">
                <div class="method-content">
                  <a name="test007_05_EmailAddressChange">
                  </a> <!-- test007_05_EmailAddressChange -->
                  <span class="method-name">test007_05_EmailAddressChange</span>
                </div> <!-- method-content -->
              </div> <!-- method -->
              <div class="method">
                <div class="method-content">
                  <a name="test007_06_RegisterThirdPartyEmail">
                  </a> <!-- test007_06_RegisterThirdPartyEmail -->
                  <span class="method-name">test007_06_RegisterThirdPartyEmail</span>
                </div> <!-- method-content -->
              </div> <!-- method -->
              <div class="method">
                <div class="method-content">
                  <a name="test008_UKITEquipment">
                  </a> <!-- test008_UKITEquipment -->
                  <span class="method-name">test008_UKITEquipment</span>
                </div> <!-- method-content -->
              </div> <!-- method -->
              <div class="method">
                <div class="method-content">
                  <a name="test009_NonUKITEquipment">
                  </a> <!-- test009_NonUKITEquipment -->
                  <span class="method-name">test009_NonUKITEquipment</span>
                </div> <!-- method-content -->
              </div> <!-- method -->
              <div class="method">
                <div class="method-content">
                  <a name="test010_ITEquipmentProducts(Desktop PCs, Lenovo ThinkCentre M910s SFF - BT Webtop Build)">
                  </a> <!-- test010_ITEquipmentProducts(Desktop PCs, Lenovo ThinkCentre M910s SFF - BT Webtop Build) -->
                  <span class="method-name">test010_ITEquipmentProducts</span>
                  <span class="parameters">(Desktop PCs, Lenovo ThinkCentre M910s SFF - BT Webtop Build)</span>
                </div> <!-- method-content -->
              </div> <!-- method -->
              <div class="method">
                <div class="method-content">
                  <a name="test011_NonITEquipmentProducts(PC Accessories)">
                  </a> <!-- test011_NonITEquipmentProducts(PC Accessories) -->
                  <span class="method-name">test011_NonITEquipmentProducts</span>
                  <span class="parameters">(PC Accessories)</span>
                </div> <!-- method-content -->
              </div> <!-- method -->
              <div class="method">
                <div class="method-content">
                  <a name="test012_01_CSSProduction">
                  </a> <!-- test012_01_CSSProduction -->
                  <span class="method-name">test012_01_CSSProduction</span>
                </div> <!-- method-content -->
              </div> <!-- method -->
              <div class="method">
                <div class="method-content">
                  <a name="test012_02_IUSERDomainGroupConnection">
                  </a> <!-- test012_02_IUSERDomainGroupConnection -->
                  <span class="method-name">test012_02_IUSERDomainGroupConnection</span>
                </div> <!-- method-content -->
              </div> <!-- method -->
              <div class="method">
                <div class="method-content">
                  <a name="test012_03_OneViewChangesToProfile">
                  </a> <!-- test012_03_OneViewChangesToProfile -->
                  <span class="method-name">test012_03_OneViewChangesToProfile</span>
                </div> <!-- method-content -->
              </div> <!-- method -->
              <div class="method">
                <div class="method-content">
                  <a name="test013_01_ProvideNewSoftware(Eclipse)">
                  </a> <!-- test013_01_ProvideNewSoftware(Eclipse) -->
                  <span class="method-name">test013_01_ProvideNewSoftware</span>
                  <span class="parameters">(Eclipse)</span>
                </div> <!-- method-content -->
              </div> <!-- method -->
              <div class="method">
                <div class="method-content">
                  <a name="test013_02__RemoveUneededSoftware(Remove Software From A Webtop PC)">
                  </a> <!-- test013_02__RemoveUneededSoftware(Remove Software From A Webtop PC) -->
                  <span class="method-name">test013_02__RemoveUneededSoftware</span>
                  <span class="parameters">(Remove Software From A Webtop PC)</span>
                </div> <!-- method-content -->
              </div> <!-- method -->
              <div class="method">
                <div class="method-content">
                  <a name="test013_03_searchProduct(Google Chrome)">
                  </a> <!-- test013_03_searchProduct(Google Chrome) -->
                  <span class="method-name">test013_03_searchProduct</span>
                  <span class="parameters">(Google Chrome)</span>
                </div> <!-- method-content -->
              </div> <!-- method -->
              <div class="method">
                <div class="method-content">
                  <a name="test013_04_AtoZLink">
                  </a> <!-- test013_04_AtoZLink -->
                  <span class="method-name">test013_04_AtoZLink</span>
                </div> <!-- method-content -->
              </div> <!-- method -->
              <div class="method">
                <div class="method-content">
                  <a name="test014_01_CheckAllPhoneProductItemDisplayed">
                  </a> <!-- test014_01_CheckAllPhoneProductItemDisplayed -->
                  <span class="method-name">test014_01_CheckAllPhoneProductItemDisplayed</span>
                </div> <!-- method-content -->
              </div> <!-- method -->
              <div class="method">
                <div class="method-content">
                  <a name="test014_02_PhoneProducts(Phones, New COMBI SIM Card)">
                  </a> <!-- test014_02_PhoneProducts(Phones, New COMBI SIM Card) -->
                  <span class="method-name">test014_02_PhoneProducts</span>
                  <span class="parameters">(Phones, New COMBI SIM Card)</span>
                </div> <!-- method-content -->
              </div> <!-- method -->
              <div class="method">
                <div class="method-content">
                  <a name="test014_03_searchPhoneProduct(Harrier Agent)">
                  </a> <!-- test014_03_searchPhoneProduct(Harrier Agent) -->
                  <span class="method-name">test014_03_searchPhoneProduct</span>
                  <span class="parameters">(Harrier Agent)</span>
                </div> <!-- method-content -->
              </div> <!-- method -->
              <div class="method">
                <div class="method-content">
                  <a name="test014_04_PhoneUScatalogue(Voicemail reset)">
                  </a> <!-- test014_04_PhoneUScatalogue(Voicemail reset) -->
                  <span class="method-name">test014_04_PhoneUScatalogue</span>
                  <span class="parameters">(Voicemail reset)</span>
                </div> <!-- method-content -->
              </div> <!-- method -->
              <div class="method">
                <div class="method-content">
                  <a name="test015_01_ErrorWeekendDate(Replacement SIM Card)">
                  </a> <!-- test015_01_ErrorWeekendDate(Replacement SIM Card) -->
                  <span class="method-name">test015_01_ErrorWeekendDate</span>
                  <span class="parameters">(Replacement SIM Card)</span>
                </div> <!-- method-content -->
              </div> <!-- method -->
              <div class="method">
                <div class="method-content">
                  <a name="test015_02_ErrorPreviousDate(Replacement SIM Card)">
                  </a> <!-- test015_02_ErrorPreviousDate(Replacement SIM Card) -->
                  <span class="method-name">test015_02_ErrorPreviousDate</span>
                  <span class="parameters">(Replacement SIM Card)</span>
                </div> <!-- method-content -->
              </div> <!-- method -->
              <div class="method">
                <div class="method-content">
                  <a name="test016_AlternateAddressEINValidation(Desktop PCs, Lenovo ThinkCentre M910s SFF - BT Webtop Build)">
                  </a> <!-- test016_AlternateAddressEINValidation(Desktop PCs, Lenovo ThinkCentre M910s SFF - BT Webtop Build) -->
                  <span class="method-name">test016_AlternateAddressEINValidation</span>
                  <span class="parameters">(Desktop PCs, Lenovo ThinkCentre M910s SFF - BT Webtop Build)</span>
                </div> <!-- method-content -->
              </div> <!-- method -->
            </div> <!-- main-panel-content rounded-window-bottom -->
          </div> <!-- suite-Order_Gateway_Application_Test_Automation_Test_Suite-class-passed -->
        </div> <!-- panel Order_Gateway_Application_Test_Automation_Test_Suite -->
        <div panel-name="test-xml-Order_Gateway_Application_Test_Automation_Test_Suite" class="panel">
          <div class="main-panel-header rounded-window-top">
            <span class="header-content">D:\Laptop backup files\automation\testng.xml</span>
          </div> <!-- main-panel-header rounded-window-top -->
          <div class="main-panel-content rounded-window-bottom">
            <pre>
&lt;?xml version=&quot;1.0&quot; encoding=&quot;UTF-8&quot;?&gt;
&lt;!DOCTYPE suite SYSTEM &quot;http://testng.org/testng-1.0.dtd&quot;&gt;
&lt;suite thread-count=&quot;2&quot; name=&quot;Order Gateway Application Test Automation Test Suite&quot; parallel=&quot;tests&quot;&gt;
  &lt;listeners&gt;
    &lt;listener class-name=&quot;com.bt.og.listner.ExtentReportListener&quot;/&gt;
    &lt;listener class-name=&quot;com.bt.og.retrylistners.MyTransformer&quot;/&gt;
  &lt;/listeners&gt;
  &lt;test name=&quot;Order gateway Test&quot;&gt;
    &lt;classes&gt;
      &lt;class name=&quot;com.bt.og.testpages.Regression&quot;/&gt;
    &lt;/classes&gt;
  &lt;/test&gt; &lt;!-- Order gateway Test --&gt;
&lt;/suite&gt; &lt;!-- Order Gateway Application Test Automation Test Suite --&gt;
            </pre>
          </div> <!-- main-panel-content rounded-window-bottom -->
        </div> <!-- panel -->
        <div panel-name="testlist-Order_Gateway_Application_Test_Automation_Test_Suite" class="panel">
          <div class="main-panel-header rounded-window-top">
            <span class="header-content">Tests for Order Gateway Application Test Automation Test Suite</span>
          </div> <!-- main-panel-header rounded-window-top -->
          <div class="main-panel-content rounded-window-bottom">
            <ul>
              <li>
                <span class="test-name">Order gateway Test (1 class)</span>
              </li>
            </ul>
          </div> <!-- main-panel-content rounded-window-bottom -->
        </div> <!-- panel -->
        <div panel-name="group-Order_Gateway_Application_Test_Automation_Test_Suite" class="panel">
          <div class="main-panel-header rounded-window-top">
            <span class="header-content">Groups for Order Gateway Application Test Automation Test Suite</span>
          </div> <!-- main-panel-header rounded-window-top -->
          <div class="main-panel-content rounded-window-bottom">
          </div> <!-- main-panel-content rounded-window-bottom -->
        </div> <!-- panel -->
        <div panel-name="times-Order_Gateway_Application_Test_Automation_Test_Suite" class="panel">
          <div class="main-panel-header rounded-window-top">
            <span class="header-content">Times for Order Gateway Application Test Automation Test Suite</span>
          </div> <!-- main-panel-header rounded-window-top -->
          <div class="main-panel-content rounded-window-bottom">
            <div class="times-div">
              <script type="text/javascript">
suiteTableInitFunctions.push('tableData_Order_Gateway_Application_Test_Automation_Test_Suite');
function tableData_Order_Gateway_Application_Test_Automation_Test_Suite() {
var data = new google.visualization.DataTable();
data.addColumn('number', 'Number');
data.addColumn('string', 'Method');
data.addColumn('string', 'Class');
data.addColumn('number', 'Time (ms)');
data.addRows(31);
data.setCell(0, 0, 0)
data.setCell(0, 1, 'test006_VerifyAllTabs')
data.setCell(0, 2, 'com.bt.og.testpages.Regression')
data.setCell(0, 3, 37731);
data.setCell(1, 0, 1)
data.setCell(1, 1, 'test003_OrderSearch')
data.setCell(1, 2, 'com.bt.og.testpages.Regression')
data.setCell(1, 3, 24464);
data.setCell(2, 0, 2)
data.setCell(2, 1, 'test013_04_AtoZLink')
data.setCell(2, 2, 'com.bt.og.testpages.Regression')
data.setCell(2, 3, 24423);
data.setCell(3, 0, 3)
data.setCell(3, 1, 'test012_03_OneViewChangesToProfile')
data.setCell(3, 2, 'com.bt.og.testpages.Regression')
data.setCell(3, 3, 22870);
data.setCell(4, 0, 4)
data.setCell(4, 1, 'test015_01_ErrorWeekendDate')
data.setCell(4, 2, 'com.bt.og.testpages.Regression')
data.setCell(4, 3, 22838);
data.setCell(5, 0, 5)
data.setCell(5, 1, 'test007_03_EnterPriseMessenger')
data.setCell(5, 2, 'com.bt.og.testpages.Regression')
data.setCell(5, 3, 22498);
data.setCell(6, 0, 6)
data.setCell(6, 1, 'test015_02_ErrorPreviousDate')
data.setCell(6, 2, 'com.bt.og.testpages.Regression')
data.setCell(6, 3, 18920);
data.setCell(7, 0, 7)
data.setCell(7, 1, 'test007_01_StandardEmailAccount')
data.setCell(7, 2, 'com.bt.og.testpages.Regression')
data.setCell(7, 3, 16932);
data.setCell(8, 0, 8)
data.setCell(8, 1, 'test007_04_IncomingFax')
data.setCell(8, 2, 'com.bt.og.testpages.Regression')
data.setCell(8, 3, 16744);
data.setCell(9, 0, 9)
data.setCell(9, 1, 'test007_06_RegisterThirdPartyEmail')
data.setCell(9, 2, 'com.bt.og.testpages.Regression')
data.setCell(9, 3, 16700);
data.setCell(10, 0, 10)
data.setCell(10, 1, 'test009_NonUKITEquipment')
data.setCell(10, 2, 'com.bt.og.testpages.Regression')
data.setCell(10, 3, 13685);
data.setCell(11, 0, 11)
data.setCell(11, 1, 'test012_01_CSSProduction')
data.setCell(11, 2, 'com.bt.og.testpages.Regression')
data.setCell(11, 3, 13417);
data.setCell(12, 0, 12)
data.setCell(12, 1, 'test012_02_IUSERDomainGroupConnection')
data.setCell(12, 2, 'com.bt.og.testpages.Regression')
data.setCell(12, 3, 13029);
data.setCell(13, 0, 13)
data.setCell(13, 1, 'test013_01_ProvideNewSoftware')
data.setCell(13, 2, 'com.bt.og.testpages.Regression')
data.setCell(13, 3, 11357);
data.setCell(14, 0, 14)
data.setCell(14, 1, 'test007_05_EmailAddressChange')
data.setCell(14, 2, 'com.bt.og.testpages.Regression')
data.setCell(14, 3, 7166);
data.setCell(15, 0, 15)
data.setCell(15, 1, 'test008_UKITEquipment')
data.setCell(15, 2, 'com.bt.og.testpages.Regression')
data.setCell(15, 3, 7084);
data.setCell(16, 0, 16)
data.setCell(16, 1, 'test014_01_CheckAllPhoneProductItemDisplayed')
data.setCell(16, 2, 'com.bt.og.testpages.Regression')
data.setCell(16, 3, 6694);
data.setCell(17, 0, 17)
data.setCell(17, 1, 'test007_02_FunctionalAccount')
data.setCell(17, 2, 'com.bt.og.testpages.Regression')
data.setCell(17, 3, 5109);
data.setCell(18, 0, 18)
data.setCell(18, 1, 'test005_CustomerDetailsContinueButton')
data.setCell(18, 2, 'com.bt.og.testpages.Regression')
data.setCell(18, 3, 4002);
data.setCell(19, 0, 19)
data.setCell(19, 1, 'test004_CustomerDetails')
data.setCell(19, 2, 'com.bt.og.testpages.Regression')
data.setCell(19, 3, 3933);
data.setCell(20, 0, 20)
data.setCell(20, 1, 'test004_CustomerDetails')
data.setCell(20, 2, 'com.bt.og.testpages.Regression')
data.setCell(20, 3, 3835);
data.setCell(21, 0, 21)
data.setCell(21, 1, 'test001_ValidLogin')
data.setCell(21, 2, 'com.bt.og.testpages.Regression')
data.setCell(21, 3, 3737);
data.setCell(22, 0, 22)
data.setCell(22, 1, 'test002_InvalidLogin')
data.setCell(22, 2, 'com.bt.og.testpages.Regression')
data.setCell(22, 3, 616);
data.setCell(23, 0, 23)
data.setCell(23, 1, 'test011_NonITEquipmentProducts')
data.setCell(23, 2, 'com.bt.og.testpages.Regression')
data.setCell(23, 3, 1);
data.setCell(24, 0, 24)
data.setCell(24, 1, 'test013_03_searchProduct')
data.setCell(24, 2, 'com.bt.og.testpages.Regression')
data.setCell(24, 3, 1);
data.setCell(25, 0, 25)
data.setCell(25, 1, 'test013_02__RemoveUneededSoftware')
data.setCell(25, 2, 'com.bt.og.testpages.Regression')
data.setCell(25, 3, 1);
data.setCell(26, 0, 26)
data.setCell(26, 1, 'test010_ITEquipmentProducts')
data.setCell(26, 2, 'com.bt.og.testpages.Regression')
data.setCell(26, 3, 1);
data.setCell(27, 0, 27)
data.setCell(27, 1, 'test014_02_PhoneProducts')
data.setCell(27, 2, 'com.bt.og.testpages.Regression')
data.setCell(27, 3, 1);
data.setCell(28, 0, 28)
data.setCell(28, 1, 'test014_03_searchPhoneProduct')
data.setCell(28, 2, 'com.bt.og.testpages.Regression')
data.setCell(28, 3, 1);
data.setCell(29, 0, 29)
data.setCell(29, 1, 'test016_AlternateAddressEINValidation')
data.setCell(29, 2, 'com.bt.og.testpages.Regression')
data.setCell(29, 3, 0);
data.setCell(30, 0, 30)
data.setCell(30, 1, 'test014_04_PhoneUScatalogue')
data.setCell(30, 2, 'com.bt.og.testpages.Regression')
data.setCell(30, 3, 0);
window.suiteTableData['Order_Gateway_Application_Test_Automation_Test_Suite']= { tableData: data, tableDiv: 'times-div-Order_Gateway_Application_Test_Automation_Test_Suite'}
return data;
}
              </script>
              <span class="suite-total-time">Total running time: 5 minutes</span>
              <div id="times-div-Order_Gateway_Application_Test_Automation_Test_Suite">
              </div> <!-- times-div-Order_Gateway_Application_Test_Automation_Test_Suite -->
            </div> <!-- times-div -->
          </div> <!-- main-panel-content rounded-window-bottom -->
        </div> <!-- panel -->
        <div panel-name="reporter-Order_Gateway_Application_Test_Automation_Test_Suite" class="panel">
          <div class="main-panel-header rounded-window-top">
            <span class="header-content">Reporter output for Order Gateway Application Test Automation Test Suite</span>
          </div> <!-- main-panel-header rounded-window-top -->
          <div class="main-panel-content rounded-window-bottom">
          </div> <!-- main-panel-content rounded-window-bottom -->
        </div> <!-- panel -->
        <div panel-name="ignored-methods-Order_Gateway_Application_Test_Automation_Test_Suite" class="panel">
          <div class="main-panel-header rounded-window-top">
            <span class="header-content">0 ignored methods</span>
          </div> <!-- main-panel-header rounded-window-top -->
          <div class="main-panel-content rounded-window-bottom">
          </div> <!-- main-panel-content rounded-window-bottom -->
        </div> <!-- panel -->
        <div panel-name="chronological-Order_Gateway_Application_Test_Automation_Test_Suite" class="panel">
          <div class="main-panel-header rounded-window-top">
            <span class="header-content">Methods in chronological order</span>
          </div> <!-- main-panel-header rounded-window-top -->
          <div class="main-panel-content rounded-window-bottom">
            <div class="chronological-class">
              <div class="chronological-class-name">com.bt.og.testpages.Regression</div> <!-- chronological-class-name -->
              <div class="configuration-method before">
                <span class="method-name">setup</span>
                <span class="method-start">0 ms</span>
              </div> <!-- configuration-method before -->
              <div class="test-method">
                <span class="method-name">test001_ValidLogin(802766791, Colin Fletcher)</span>
                <span class="method-start">14597 ms</span>
              </div> <!-- test-method -->
              <div class="configuration-method after">
                <span class="method-name">tearDown([TestResult name=test001_ValidLogin status=SUCCESS method=Regression.test001_ValidLogin(java.lang.St...)</span>
                <span class="method-start">18335 ms</span>
              </div> <!-- configuration-method after -->
              <div class="configuration-method before">
                <span class="method-name">setup</span>
                <span class="method-start">18963 ms</span>
              </div> <!-- configuration-method before -->
              <div class="test-method">
                <span class="method-name">test002_InvalidLogin</span>
                <span class="method-start">31943 ms</span>
              </div> <!-- test-method -->
              <div class="configuration-method after">
                <span class="method-name">tearDown([TestResult name=test002_InvalidLogin status=SUCCESS method=Regression.test002_InvalidLogin()[pri:0,...)</span>
                <span class="method-start">32560 ms</span>
              </div> <!-- configuration-method after -->
              <div class="configuration-method before">
                <span class="method-name">setup</span>
                <span class="method-start">33211 ms</span>
              </div> <!-- configuration-method before -->
              <div class="test-method">
                <span class="method-name">test003_OrderSearch</span>
                <span class="method-start">46088 ms</span>
              </div> <!-- test-method -->
              <div class="configuration-method after">
                <span class="method-name">tearDown([TestResult name=test003_OrderSearch status=SUCCESS method=Regression.test003_OrderSearch()[pri:0, i...)</span>
                <span class="method-start">70552 ms</span>
              </div> <!-- configuration-method after -->
              <div class="configuration-method before">
                <span class="method-name">setup</span>
                <span class="method-start">71205 ms</span>
              </div> <!-- configuration-method before -->
              <div class="test-method">
                <img src="failed.png">
                </img>
                <span class="method-name">test004_CustomerDetails(Colin Fletcher, TNA7, 0748 316 9740, FLETCHCA, 802766791, C00, GB)</span>
                <span class="method-start">84232 ms</span>
              </div> <!-- test-method -->
              <div class="configuration-method after">
                <span class="method-name">tearDown([TestResult name=test004_CustomerDetails status=FAILURE method=Regression.test004_CustomerDetails(ja...)</span>
                <span class="method-start">88173 ms</span>
              </div> <!-- configuration-method after -->
              <div class="configuration-method before">
                <span class="method-name">setup</span>
                <span class="method-start">89008 ms</span>
              </div> <!-- configuration-method before -->
              <div class="test-method">
                <img src="failed.png">
                </img>
                <span class="method-name">test004_CustomerDetails(Colin Fletcher, TNA7, 0748 316 9740, FLETCHCA, 802766791, C00, GB)</span>
                <span class="method-start">101349 ms</span>
              </div> <!-- test-method -->
              <div class="configuration-method after">
                <span class="method-name">tearDown([TestResult name=test004_CustomerDetails status=FAILURE method=Regression.test004_CustomerDetails(ja...)</span>
                <span class="method-start">105184 ms</span>
              </div> <!-- configuration-method after -->
              <div class="configuration-method before">
                <span class="method-name">setup</span>
                <span class="method-start">106002 ms</span>
              </div> <!-- configuration-method before -->
              <div class="test-method">
                <span class="method-name">test005_CustomerDetailsContinueButton</span>
                <span class="method-start">118724 ms</span>
              </div> <!-- test-method -->
              <div class="configuration-method after">
                <span class="method-name">tearDown([TestResult name=test005_CustomerDetailsContinueButton status=SUCCESS method=Regression.test005_Cust...)</span>
                <span class="method-start">122726 ms</span>
              </div> <!-- configuration-method after -->
              <div class="configuration-method before">
                <span class="method-name">setup</span>
                <span class="method-start">123367 ms</span>
              </div> <!-- configuration-method before -->
              <div class="test-method">
                <span class="method-name">test006_VerifyAllTabs</span>
                <span class="method-start">135844 ms</span>
              </div> <!-- test-method -->
              <div class="configuration-method after">
                <span class="method-name">tearDown([TestResult name=test006_VerifyAllTabs status=SUCCESS method=Regression.test006_VerifyAllTabs()[pri:...)</span>
                <span class="method-start">173575 ms</span>
              </div> <!-- configuration-method after -->
              <div class="configuration-method before">
                <span class="method-name">setup</span>
                <span class="method-start">174211 ms</span>
              </div> <!-- configuration-method before -->
              <div class="test-method">
                <span class="method-name">test007_01_StandardEmailAccount</span>
                <span class="method-start">187266 ms</span>
              </div> <!-- test-method -->
              <div class="configuration-method after">
                <span class="method-name">tearDown([TestResult name=test007_01_StandardEmailAccount status=SUCCESS method=Regression.test007_01_Standar...)</span>
                <span class="method-start">204199 ms</span>
              </div> <!-- configuration-method after -->
              <div class="configuration-method before">
                <span class="method-name">setup</span>
                <span class="method-start">204862 ms</span>
              </div> <!-- configuration-method before -->
              <div class="test-method">
                <span class="method-name">test007_02_FunctionalAccount</span>
                <span class="method-start">217353 ms</span>
              </div> <!-- test-method -->
              <div class="configuration-method after">
                <span class="method-name">tearDown([TestResult name=test007_02_FunctionalAccount status=SUCCESS method=Regression.test007_02_Functional...)</span>
                <span class="method-start">222462 ms</span>
              </div> <!-- configuration-method after -->
              <div class="configuration-method before">
                <span class="method-name">setup</span>
                <span class="method-start">223109 ms</span>
              </div> <!-- configuration-method before -->
              <div class="test-method">
                <span class="method-name">test007_03_EnterPriseMessenger</span>
                <span class="method-start">235696 ms</span>
              </div> <!-- test-method -->
              <div class="configuration-method after">
                <span class="method-name">tearDown([TestResult name=test007_03_EnterPriseMessenger status=SUCCESS method=Regression.test007_03_EnterPri...)</span>
                <span class="method-start">258195 ms</span>
              </div> <!-- configuration-method after -->
              <div class="configuration-method before">
                <span class="method-name">setup</span>
                <span class="method-start">258840 ms</span>
              </div> <!-- configuration-method before -->
              <div class="test-method">
                <span class="method-name">test007_04_IncomingFax</span>
                <span class="method-start">272042 ms</span>
              </div> <!-- test-method -->
              <div class="configuration-method after">
                <span class="method-name">tearDown([TestResult name=test007_04_IncomingFax status=SUCCESS method=Regression.test007_04_IncomingFax()[pr...)</span>
                <span class="method-start">288786 ms</span>
              </div> <!-- configuration-method after -->
              <div class="configuration-method before">
                <span class="method-name">setup</span>
                <span class="method-start">289451 ms</span>
              </div> <!-- configuration-method before -->
              <div class="test-method">
                <span class="method-name">test007_05_EmailAddressChange</span>
                <span class="method-start">302221 ms</span>
              </div> <!-- test-method -->
              <div class="configuration-method after">
                <span class="method-name">tearDown([TestResult name=test007_05_EmailAddressChange status=SUCCESS method=Regression.test007_05_EmailAddr...)</span>
                <span class="method-start">309387 ms</span>
              </div> <!-- configuration-method after -->
              <div class="configuration-method before">
                <span class="method-name">setup</span>
                <span class="method-start">310051 ms</span>
              </div> <!-- configuration-method before -->
              <div class="test-method">
                <span class="method-name">test007_06_RegisterThirdPartyEmail</span>
                <span class="method-start">322489 ms</span>
              </div> <!-- test-method -->
              <div class="configuration-method after">
                <span class="method-name">tearDown([TestResult name=test007_06_RegisterThirdPartyEmail status=SUCCESS method=Regression.test007_06_Regi...)</span>
                <span class="method-start">339190 ms</span>
              </div> <!-- configuration-method after -->
              <div class="configuration-method before">
                <span class="method-name">setup</span>
                <span class="method-start">339840 ms</span>
              </div> <!-- configuration-method before -->
              <div class="test-method">
                <span class="method-name">test008_UKITEquipment</span>
                <span class="method-start">352175 ms</span>
              </div> <!-- test-method -->
              <div class="configuration-method after">
                <span class="method-name">tearDown([TestResult name=test008_UKITEquipment status=SUCCESS method=Regression.test008_UKITEquipment()[pri:...)</span>
                <span class="method-start">359259 ms</span>
              </div> <!-- configuration-method after -->
              <div class="configuration-method before">
                <span class="method-name">setup</span>
                <span class="method-start">359907 ms</span>
              </div> <!-- configuration-method before -->
              <div class="test-method">
                <span class="method-name">test009_NonUKITEquipment</span>
                <span class="method-start">372213 ms</span>
              </div> <!-- test-method -->
              <div class="configuration-method after">
                <span class="method-name">tearDown([TestResult name=test009_NonUKITEquipment status=SUCCESS method=Regression.test009_NonUKITEquipment(...)</span>
                <span class="method-start">385898 ms</span>
              </div> <!-- configuration-method after -->
              <div class="configuration-method before">
                <span class="method-name">setup</span>
                <span class="method-start">386567 ms</span>
              </div> <!-- configuration-method before -->
              <div class="test-method">
                <span class="method-name">test010_ITEquipmentProducts(Desktop PCs, Lenovo ThinkCentre M910s SFF - BT Webtop Build)</span>
                <span class="method-start">399898 ms</span>
              </div> <!-- test-method -->
              <div class="configuration-method after">
                <span class="method-name">tearDown([TestResult name=test010_ITEquipmentProducts status=SUCCESS method=Regression.test010_ITEquipmentPro...)</span>
                <span class="method-start">399899 ms</span>
              </div> <!-- configuration-method after -->
              <div class="configuration-method before">
                <span class="method-name">setup</span>
                <span class="method-start">400526 ms</span>
              </div> <!-- configuration-method before -->
              <div class="test-method">
                <span class="method-name">test011_NonITEquipmentProducts(PC Accessories)</span>
                <span class="method-start">413734 ms</span>
              </div> <!-- test-method -->
              <div class="configuration-method after">
                <span class="method-name">tearDown([TestResult name=test011_NonITEquipmentProducts status=SUCCESS method=Regression.test011_NonITEquipm...)</span>
                <span class="method-start">413735 ms</span>
              </div> <!-- configuration-method after -->
              <div class="configuration-method before">
                <span class="method-name">setup</span>
                <span class="method-start">414368 ms</span>
              </div> <!-- configuration-method before -->
              <div class="test-method">
                <span class="method-name">test012_01_CSSProduction</span>
                <span class="method-start">427496 ms</span>
              </div> <!-- test-method -->
              <div class="configuration-method after">
                <span class="method-name">tearDown([TestResult name=test012_01_CSSProduction status=SUCCESS method=Regression.test012_01_CSSProduction(...)</span>
                <span class="method-start">440913 ms</span>
              </div> <!-- configuration-method after -->
              <div class="configuration-method before">
                <span class="method-name">setup</span>
                <span class="method-start">441565 ms</span>
              </div> <!-- configuration-method before -->
              <div class="test-method">
                <span class="method-name">test012_02_IUSERDomainGroupConnection</span>
                <span class="method-start">454628 ms</span>
              </div> <!-- test-method -->
              <div class="configuration-method after">
                <span class="method-name">tearDown([TestResult name=test012_02_IUSERDomainGroupConnection status=SUCCESS method=Regression.test012_02_I...)</span>
                <span class="method-start">467658 ms</span>
              </div> <!-- configuration-method after -->
              <div class="configuration-method before">
                <span class="method-name">setup</span>
                <span class="method-start">468324 ms</span>
              </div> <!-- configuration-method before -->
              <div class="test-method">
                <span class="method-name">test012_03_OneViewChangesToProfile</span>
                <span class="method-start">481431 ms</span>
              </div> <!-- test-method -->
              <div class="configuration-method after">
                <span class="method-name">tearDown([TestResult name=test012_03_OneViewChangesToProfile status=SUCCESS method=Regression.test012_03_OneV...)</span>
                <span class="method-start">504302 ms</span>
              </div> <!-- configuration-method after -->
              <div class="configuration-method before">
                <span class="method-name">setup</span>
                <span class="method-start">504961 ms</span>
              </div> <!-- configuration-method before -->
              <div class="test-method">
                <span class="method-name">test013_01_ProvideNewSoftware(Eclipse)</span>
                <span class="method-start">517590 ms</span>
              </div> <!-- test-method -->
              <div class="configuration-method after">
                <span class="method-name">tearDown([TestResult name=test013_01_ProvideNewSoftware status=SUCCESS method=Regression.test013_01_ProvideNe...)</span>
                <span class="method-start">528947 ms</span>
              </div> <!-- configuration-method after -->
              <div class="configuration-method before">
                <span class="method-name">setup</span>
                <span class="method-start">529599 ms</span>
              </div> <!-- configuration-method before -->
              <div class="test-method">
                <span class="method-name">test013_02__RemoveUneededSoftware(Remove Software From A Webtop PC)</span>
                <span class="method-start">542764 ms</span>
              </div> <!-- test-method -->
              <div class="configuration-method after">
                <span class="method-name">tearDown([TestResult name=test013_02__RemoveUneededSoftware status=SUCCESS method=Regression.test013_02__Remo...)</span>
                <span class="method-start">542765 ms</span>
              </div> <!-- configuration-method after -->
              <div class="configuration-method before">
                <span class="method-name">setup</span>
                <span class="method-start">543402 ms</span>
              </div> <!-- configuration-method before -->
              <div class="test-method">
                <span class="method-name">test013_03_searchProduct(Google Chrome)</span>
                <span class="method-start">555897 ms</span>
              </div> <!-- test-method -->
              <div class="configuration-method after">
                <span class="method-name">tearDown([TestResult name=test013_03_searchProduct status=SUCCESS method=Regression.test013_03_searchProduct(...)</span>
                <span class="method-start">555898 ms</span>
              </div> <!-- configuration-method after -->
              <div class="configuration-method before">
                <span class="method-name">setup</span>
                <span class="method-start">556545 ms</span>
              </div> <!-- configuration-method before -->
              <div class="test-method">
                <span class="method-name">test013_04_AtoZLink</span>
                <span class="method-start">569333 ms</span>
              </div> <!-- test-method -->
              <div class="configuration-method after">
                <span class="method-name">tearDown([TestResult name=test013_04_AtoZLink status=SUCCESS method=Regression.test013_04_AtoZLink()[pri:0, i...)</span>
                <span class="method-start">593761 ms</span>
              </div> <!-- configuration-method after -->
              <div class="configuration-method before">
                <span class="method-name">setup</span>
                <span class="method-start">594416 ms</span>
              </div> <!-- configuration-method before -->
              <div class="test-method">
                <span class="method-name">test014_01_CheckAllPhoneProductItemDisplayed</span>
                <span class="method-start">607284 ms</span>
              </div> <!-- test-method -->
              <div class="configuration-method after">
                <span class="method-name">tearDown([TestResult name=test014_01_CheckAllPhoneProductItemDisplayed status=SUCCESS method=Regression.test0...)</span>
                <span class="method-start">613979 ms</span>
              </div> <!-- configuration-method after -->
              <div class="configuration-method before">
                <span class="method-name">setup</span>
                <span class="method-start">615243 ms</span>
              </div> <!-- configuration-method before -->
              <div class="test-method">
                <span class="method-name">test014_02_PhoneProducts(Phones, New COMBI SIM Card)</span>
                <span class="method-start">628365 ms</span>
              </div> <!-- test-method -->
              <div class="configuration-method after">
                <span class="method-name">tearDown([TestResult name=test014_02_PhoneProducts status=SUCCESS method=Regression.test014_02_PhoneProducts(...)</span>
                <span class="method-start">628366 ms</span>
              </div> <!-- configuration-method after -->
              <div class="configuration-method before">
                <span class="method-name">setup</span>
                <span class="method-start">628991 ms</span>
              </div> <!-- configuration-method before -->
              <div class="test-method">
                <span class="method-name">test014_03_searchPhoneProduct(Harrier Agent)</span>
                <span class="method-start">641630 ms</span>
              </div> <!-- test-method -->
              <div class="configuration-method after">
                <span class="method-name">tearDown([TestResult name=test014_03_searchPhoneProduct status=SUCCESS method=Regression.test014_03_searchPho...)</span>
                <span class="method-start">641631 ms</span>
              </div> <!-- configuration-method after -->
              <div class="configuration-method before">
                <span class="method-name">setup</span>
                <span class="method-start">642257 ms</span>
              </div> <!-- configuration-method before -->
              <div class="configuration-method after">
                <span class="method-name">tearDown([TestResult name=test014_04_PhoneUScatalogue status=SUCCESS method=Regression.test014_04_PhoneUScata...)</span>
                <span class="method-start">655936 ms</span>
              </div> <!-- configuration-method after -->
              <div class="test-method">
                <span class="method-name">test014_04_PhoneUScatalogue(Voicemail reset)</span>
                <span class="method-start">655936 ms</span>
              </div> <!-- test-method -->
              <div class="configuration-method before">
                <span class="method-name">setup</span>
                <span class="method-start">656589 ms</span>
              </div> <!-- configuration-method before -->
              <div class="test-method">
                <span class="method-name">test015_01_ErrorWeekendDate(Replacement SIM Card)</span>
                <span class="method-start">669875 ms</span>
              </div> <!-- test-method -->
              <div class="configuration-method after">
                <span class="method-name">tearDown([TestResult name=test015_01_ErrorWeekendDate status=SUCCESS method=Regression.test015_01_ErrorWeeken...)</span>
                <span class="method-start">692714 ms</span>
              </div> <!-- configuration-method after -->
              <div class="configuration-method before">
                <span class="method-name">setup</span>
                <span class="method-start">693377 ms</span>
              </div> <!-- configuration-method before -->
              <div class="test-method">
                <span class="method-name">test015_02_ErrorPreviousDate(Replacement SIM Card)</span>
                <span class="method-start">706725 ms</span>
              </div> <!-- test-method -->
              <div class="configuration-method after">
                <span class="method-name">tearDown([TestResult name=test015_02_ErrorPreviousDate status=SUCCESS method=Regression.test015_02_ErrorPrevi...)</span>
                <span class="method-start">725645 ms</span>
              </div> <!-- configuration-method after -->
              <div class="configuration-method before">
                <span class="method-name">setup</span>
                <span class="method-start">726295 ms</span>
              </div> <!-- configuration-method before -->
              <div class="test-method">
                <span class="method-name">test016_AlternateAddressEINValidation(Desktop PCs, Lenovo ThinkCentre M910s SFF - BT Webtop Build)</span>
                <span class="method-start">738831 ms</span>
              </div> <!-- test-method -->
              <div class="configuration-method after">
                <span class="method-name">tearDown([TestResult name=test016_AlternateAddressEINValidation status=SUCCESS method=Regression.test016_Alte...)</span>
                <span class="method-start">738832 ms</span>
              </div> <!-- configuration-method after -->
          </div> <!-- main-panel-content rounded-window-bottom -->
        </div> <!-- panel -->
      </div> <!-- main-panel-root -->
    </div> <!-- wrapper -->
  </body>
</html>
