<?xml version="1.0" encoding="UTF-8"?>
<!-- Generated by org.testng.reporters.JUnitReportReporter -->
<testsuite hostname="BTP204126" name="com.bt.og.testpages.Regression" tests="31" failures="0" timestamp="19 Jul 2022 07:06:55 GMT" time="739.411" errors="2">
  <testcase name="test011_NonITEquipmentProducts" time="13.199" classname="com.bt.og.testpages.Regression"/>
  <testcase name="test007_03_EnterPriseMessenger" time="35.639" classname="com.bt.og.testpages.Regression"/>
  <testcase name="test007_05_EmailAddressChange" time="21.000" classname="com.bt.og.testpages.Regression"/>
  <testcase name="test012_01_CSSProduction" time="27.196" classname="com.bt.og.testpages.Regression"/>
  <testcase name="test016_AlternateAddressEINValidation" time="13.710" classname="com.bt.og.testpages.Regression"/>
  <testcase name="test009_NonUKITEquipment" time="27.098" classname="com.bt.og.testpages.Regression"/>
  <testcase name="test008_UKITEquipment" time="20.388" classname="com.bt.og.testpages.Regression"/>
  <testcase name="test003_OrderSearch" time="37.469" classname="com.bt.og.testpages.Regression"/>
  <testcase name="test007_04_IncomingFax" time="30.272" classname="com.bt.og.testpages.Regression"/>
  <testcase name="test001_ValidLogin" time="16.875" classname="com.bt.og.testpages.Regression"/>
  <testcase name="test004_CustomerDetails" time="17.793" classname="com.bt.og.testpages.Regression">
    <error type="java.lang.AssertionError" message="The following asserts failed:
OUC not mactching, Phone number not mactching, Company indicator not mactching">
      <![CDATA[java.lang.AssertionError: The following asserts failed:
OUC not mactching, Phone number not mactching, Company indicator not mactching
	at org.testng.asserts.SoftAssert.assertAll(SoftAssert.java:37)
	at com.bt.og.testpages.Regression.test004_CustomerDetails(Regression.java:169)
	at sun.reflect.NativeMethodAccessorImpl.invoke0(Native Method)
	at sun.reflect.NativeMethodAccessorImpl.invoke(Unknown Source)
	at sun.reflect.DelegatingMethodAccessorImpl.invoke(Unknown Source)
	at java.lang.reflect.Method.invoke(Unknown Source)
	at org.testng.internal.MethodInvocationHelper.invokeMethod(MethodInvocationHelper.java:80)
	at org.testng.internal.Invoker.invokeMethod(Invoker.java:714)
	at org.testng.internal.Invoker.invokeTestMethod(Invoker.java:901)
	at org.testng.internal.Invoker.invokeTestMethods(Invoker.java:1231)
	at org.testng.internal.TestMethodWorker.invokeTestMethods(TestMethodWorker.java:127)
	at org.testng.internal.TestMethodWorker.run(TestMethodWorker.java:111)
	at org.testng.TestRunner.privateRun(TestRunner.java:767)
	at org.testng.TestRunner.run(TestRunner.java:617)
	at org.testng.SuiteRunner.runTest(SuiteRunner.java:334)
	at org.testng.SuiteRunner.access$000(SuiteRunner.java:37)
	at org.testng.SuiteRunner$SuiteWorker.run(SuiteRunner.java:368)
	at org.testng.internal.thread.ThreadUtil$2.call(ThreadUtil.java:64)
	at java.util.concurrent.FutureTask.run(Unknown Source)
	at java.util.concurrent.ThreadPoolExecutor.runWorker(Unknown Source)
	at java.util.concurrent.ThreadPoolExecutor$Worker.run(Unknown Source)
	at java.lang.Thread.run(Unknown Source)
]]>
    </error>
  </testcase> <!-- test004_CustomerDetails -->
  <testcase name="test007_06_RegisterThirdPartyEmail" time="30.494" classname="com.bt.og.testpages.Regression"/>
  <testcase name="test014_01_CheckAllPhoneProductItemDisplayed" time="20.307" classname="com.bt.og.testpages.Regression"/>
  <testcase name="test012_02_IUSERDomainGroupConnection" time="26.840" classname="com.bt.og.testpages.Regression"/>
  <testcase name="test015_02_ErrorPreviousDate" time="33.244" classname="com.bt.og.testpages.Regression"/>
  <testcase name="test013_01_ProvideNewSoftware" time="25.324" classname="com.bt.og.testpages.Regression"/>
  <testcase name="test005_CustomerDetailsContinueButton" time="17.279" classname="com.bt.og.testpages.Regression"/>
  <testcase name="test007_01_StandardEmailAccount" time="30.694" classname="com.bt.og.testpages.Regression"/>
  <testcase name="test007_02_FunctionalAccount" time="18.247" classname="com.bt.og.testpages.Regression"/>
  <testcase name="test013_03_searchProduct" time="13.159" classname="com.bt.og.testpages.Regression"/>
  <testcase name="test004_CustomerDetails" time="16.821" classname="com.bt.og.testpages.Regression">
    <error type="java.lang.AssertionError" message="The following asserts failed:
OUC not mactching, Phone number not mactching, Company indicator not mactching">
      <![CDATA[java.lang.AssertionError: The following asserts failed:
OUC not mactching, Phone number not mactching, Company indicator not mactching
	at org.testng.asserts.SoftAssert.assertAll(SoftAssert.java:37)
	at com.bt.og.testpages.Regression.test004_CustomerDetails(Regression.java:169)
	at sun.reflect.NativeMethodAccessorImpl.invoke0(Native Method)
	at sun.reflect.NativeMethodAccessorImpl.invoke(Unknown Source)
	at sun.reflect.DelegatingMethodAccessorImpl.invoke(Unknown Source)
	at java.lang.reflect.Method.invoke(Unknown Source)
	at org.testng.internal.MethodInvocationHelper.invokeMethod(MethodInvocationHelper.java:80)
	at org.testng.internal.Invoker.invokeMethod(Invoker.java:714)
	at org.testng.internal.Invoker.retryFailed(Invoker.java:1049)
	at org.testng.internal.Invoker.invokeTestMethods(Invoker.java:1254)
	at org.testng.internal.TestMethodWorker.invokeTestMethods(TestMethodWorker.java:127)
	at org.testng.internal.TestMethodWorker.run(TestMethodWorker.java:111)
	at org.testng.TestRunner.privateRun(TestRunner.java:767)
	at org.testng.TestRunner.run(TestRunner.java:617)
	at org.testng.SuiteRunner.runTest(SuiteRunner.java:334)
	at org.testng.SuiteRunner.access$000(SuiteRunner.java:37)
	at org.testng.SuiteRunner$SuiteWorker.run(SuiteRunner.java:368)
	at org.testng.internal.thread.ThreadUtil$2.call(ThreadUtil.java:64)
	at java.util.concurrent.FutureTask.run(Unknown Source)
	at java.util.concurrent.ThreadPoolExecutor.runWorker(Unknown Source)
	at java.util.concurrent.ThreadPoolExecutor$Worker.run(Unknown Source)
	at java.lang.Thread.run(Unknown Source)
]]>
    </error>
  </testcase> <!-- test004_CustomerDetails -->
  <testcase name="test013_02__RemoveUneededSoftware" time="13.216" classname="com.bt.og.testpages.Regression"/>
  <testcase name="test010_ITEquipmentProducts" time="13.521" classname="com.bt.og.testpages.Regression"/>
  <testcase name="test002_InvalidLogin" time="15.226" classname="com.bt.og.testpages.Regression"/>
  <testcase name="test013_04_AtoZLink" time="38.091" classname="com.bt.og.testpages.Regression"/>
  <testcase name="test014_02_PhoneProducts" time="13.371" classname="com.bt.og.testpages.Regression"/>
  <testcase name="test006_VerifyAllTabs" time="51.640" classname="com.bt.og.testpages.Regression"/>
  <testcase name="test012_03_OneViewChangesToProfile" time="36.458" classname="com.bt.og.testpages.Regression"/>
  <testcase name="test014_04_PhoneUScatalogue" time="15.222" classname="com.bt.og.testpages.Regression"/>
  <testcase name="test015_01_ErrorWeekendDate" time="35.912" classname="com.bt.og.testpages.Regression"/>
  <testcase name="test014_03_searchPhoneProduct" time="13.706" classname="com.bt.og.testpages.Regression"/>
</testsuite> <!-- com.bt.og.testpages.Regression -->
